2025-03-23 05:35:49,709 - INFO - 正在連接資料庫...
2025-03-23 05:35:49,775 - INFO - 資料庫連接成功
2025-03-23 05:35:49,779 - INFO - 請求 URL: https://www.techpowerup.com/gpu-specs/
2025-03-23 05:35:50,703 - INFO - 等待 6.59 秒...
2025-03-23 05:35:57,395 - WARNING - 表格中找不到 tbody 元素
2025-03-23 05:35:57,398 - INFO - 共找到 0 個 GPU
2025-03-23 05:35:57,398 - ERROR - 未找到 GPU 列表
2025-03-23 05:45:17,132 - INFO - 正在連接資料庫...
2025-03-23 05:45:17,197 - INFO - 資料庫連接成功
2025-03-23 05:45:17,201 - INFO - 請求 URL: https://www.techpowerup.com/gpu-specs/
2025-03-23 05:45:18,258 - INFO - 等待 4.37 秒...
2025-03-23 05:45:22,740 - INFO - 共找到 0 個 GPU
2025-03-23 05:45:22,740 - ERROR - 未找到 GPU 列表
2025-03-23 05:49:03,622 - INFO - 正在連接資料庫...
2025-03-23 05:49:03,693 - INFO - 資料庫連接成功
2025-03-23 05:49:03,698 - INFO - 請求 URL: https://www.techpowerup.com/gpu-specs/
2025-03-23 05:49:04,841 - INFO - 等待 6.31 秒...
2025-03-23 05:49:11,256 - WARNING - 找不到 content div
2025-03-23 05:49:11,257 - ERROR - 未找到 GPU 列表
2025-03-23 05:53:35,112 - INFO - 正在連接資料庫...
2025-03-23 05:53:35,166 - INFO - 資料庫連接成功
2025-03-23 05:53:35,174 - INFO - 請求 URL: https://www.techpowerup.com/gpu-specs/
2025-03-23 05:53:36,358 - INFO - 等待 4.80 秒...
2025-03-23 05:53:41,270 - WARNING - 表格中找不到 tbody 元素
2025-03-23 05:53:41,271 - ERROR - 未找到 GPU 列表
2025-03-23 05:57:47,307 - INFO - 正在連接資料庫...
2025-03-23 05:57:47,371 - INFO - 資料庫連接成功
2025-03-23 05:57:47,374 - INFO - 請求 URL: https://www.techpowerup.com/gpu-specs/
2025-03-23 05:57:48,633 - INFO - 等待 5.89 秒...
2025-03-23 05:57:54,629 - WARNING - 表格中找不到 tbody 元素
2025-03-23 05:57:54,630 - ERROR - 未找到 GPU 列表
2025-03-23 06:04:19,986 - INFO - 正在連接資料庫...
2025-03-23 06:04:20,049 - INFO - 資料庫連接成功
2025-03-23 06:04:20,053 - INFO - 請求 URL: https://www.techpowerup.com/gpu-specs/
2025-03-23 06:04:21,087 - INFO - 等待 3.54 秒...
2025-03-23 06:04:24,729 - INFO - 找到 GPU: Radeon RX 9070 XT
2025-03-23 06:04:24,730 - INFO - 找到 GPU: GeForce RTX 5090
2025-03-23 06:04:24,730 - INFO - 找到 GPU: GeForce RTX 5070 Ti
2025-03-23 06:04:24,731 - INFO - 找到 GPU: GeForce RTX 5070
2025-03-23 06:04:24,731 - INFO - 找到 GPU: GeForce RTX 5080
2025-03-23 06:04:24,732 - INFO - 找到 GPU: GeForce RTX 4060
2025-03-23 06:04:24,732 - INFO - 找到 GPU: Radeon RX 9070
2025-03-23 06:04:24,732 - INFO - 找到 GPU: GeForce RTX 4090
2025-03-23 06:04:24,732 - INFO - 找到 GPU: Radeon RX 7800 XT
2025-03-23 06:04:24,733 - INFO - 找到 GPU: Radeon RX 580
2025-03-23 06:04:24,733 - INFO - 找到 GPU: GeForce RTX 3060 12 GB
2025-03-23 06:04:24,733 - INFO - 找到 GPU: GeForce RTX 4070
2025-03-23 06:04:24,733 - INFO - 找到 GPU: GeForce RTX 3070
2025-03-23 06:04:24,733 - INFO - 找到 GPU: Radeon RX 7900 XTX
2025-03-23 06:04:24,733 - INFO - 找到 GPU: GeForce RTX 3080
2025-03-23 06:04:24,734 - INFO - 找到 GPU: GeForce RTX 3060 Ti
2025-03-23 06:04:24,734 - INFO - 找到 GPU: GeForce RTX 4060 Ti 8 GB
2025-03-23 06:04:24,734 - INFO - 找到 GPU: GeForce RTX 5060
2025-03-23 06:04:24,734 - INFO - 找到 GPU: GeForce RTX 4070 Ti SUPER
2025-03-23 06:04:24,734 - INFO - 找到 GPU: Arc B580
2025-03-23 06:04:24,734 - INFO - 找到 GPU: GeForce RTX 4070 SUPER
2025-03-23 06:04:24,735 - INFO - 找到 GPU: GeForce GTX 1080 Ti
2025-03-23 06:04:24,736 - INFO - 找到 GPU: Radeon RX 6600
2025-03-23 06:04:24,736 - INFO - 找到 GPU: Radeon RX 6700 XT
2025-03-23 06:04:24,736 - INFO - 找到 GPU: GeForce RTX 2060
2025-03-23 06:04:24,736 - INFO - 找到 GPU: Radeon RX 5700 XT
2025-03-23 06:04:24,737 - INFO - 找到 GPU: GeForce RTX 3090
2025-03-23 06:04:24,737 - INFO - 找到 GPU: Radeon RX 7900 XT
2025-03-23 06:04:24,737 - INFO - 找到 GPU: Radeon RX 7600
2025-03-23 06:04:24,737 - INFO - 找到 GPU: Radeon RX 7700 XT
2025-03-23 06:04:24,737 - INFO - 找到 GPU: GeForce RTX 4080
2025-03-23 06:04:24,737 - INFO - 找到 GPU: GeForce GTX 1650
2025-03-23 06:04:24,737 - INFO - 找到 GPU: GeForce GTX 1660 SUPER
2025-03-23 06:04:24,737 - INFO - 找到 GPU: GeForce RTX 3050 8 GB
2025-03-23 06:04:24,738 - INFO - 找到 GPU: GeForce RTX 2080 Ti
2025-03-23 06:04:24,738 - INFO - 找到 GPU: GeForce GTX 1060 6 GB
2025-03-23 06:04:24,738 - INFO - 找到 GPU: GeForce RTX 4080 SUPER
2025-03-23 06:04:24,738 - INFO - 找到 GPU: GeForce RTX 4070 Ti
2025-03-23 06:04:24,739 - INFO - 找到 GPU: GeForce GTX 1050 Ti
2025-03-23 06:04:24,739 - INFO - 找到 GPU: GeForce RTX 3070 Ti
2025-03-23 06:04:24,739 - INFO - 找到 GPU: GeForce RTX 3080 Ti
2025-03-23 06:04:24,741 - INFO - 找到 GPU: GeForce GTX 1070
2025-03-23 06:04:24,741 - INFO - 找到 GPU: Radeon RX 9060 XT
2025-03-23 06:04:24,741 - INFO - 找到 GPU: Radeon RX 6800 XT
2025-03-23 06:04:24,741 - INFO - 找到 GPU: GeForce RTX 2060 SUPER
2025-03-23 06:04:24,742 - INFO - 找到 GPU: Radeon RX 570
2025-03-23 06:04:24,742 - INFO - 找到 GPU: Radeon RX 6600 XT
2025-03-23 06:04:24,742 - INFO - 找到 GPU: GeForce RTX 5060 Ti 16 GB
2025-03-23 06:04:24,742 - INFO - 找到 GPU: Radeon RX 6750 XT
2025-03-23 06:04:24,742 - INFO - 找到 GPU: GeForce GTX 1080
2025-03-23 06:04:24,742 - INFO - 共找到 50 個 GPU
2025-03-23 06:04:24,754 - INFO - 請求 URL: https://www.techpowerup.com/gpu-specs/radeon-rx-9070-xt.c4229
2025-03-23 06:04:25,578 - INFO - 等待 4.54 秒...
2025-03-23 06:04:30,187 - INFO - 解析 GPU AMD Radeon RX 9070 XT 完成，找到 0 條規格
2025-03-23 06:04:30,260 - INFO - 產品記錄創建成功: AMD Radeon RX 9070 XT, ID: 1
2025-03-23 06:04:30,263 - INFO - 請求 URL: https://www.techpowerup.com/review/asrock-radeon-rx-9070-xt-taichi-oc/
2025-03-23 06:04:31,081 - INFO - 等待 4.33 秒...
2025-03-23 06:04:35,451 - INFO - 請求 URL: https://www.techpowerup.com/review/asrock-radeon-rx-9070-xt-taichi-oc/4.html
2025-03-23 06:04:36,221 - INFO - 等待 5.05 秒...
2025-03-23 06:04:41,305 - INFO - 請求 URL: https://www.techpowerup.com/review/asrock-radeon-rx-9070-xt-taichi-oc/39.html
2025-03-23 06:04:41,998 - INFO - 等待 3.94 秒...
2025-03-23 06:04:45,973 - INFO - 請求 URL: https://www.techpowerup.com/review/asrock-radeon-rx-9070-xt-taichi-oc/40.html
2025-03-23 06:04:46,696 - INFO - 等待 6.62 秒...
2025-03-23 06:04:53,344 - INFO - 請求 URL: https://www.techpowerup.com/review/asrock-radeon-rx-9070-xt-taichi-oc/43.html
2025-03-23 06:04:54,074 - INFO - 等待 5.05 秒...
2025-03-23 06:04:59,270 - INFO - 請求 URL: https://www.techpowerup.com/review/sapphire-radeon-rx-9070-xt-nitro/
2025-03-23 06:05:00,012 - INFO - 等待 4.69 秒...
2025-03-23 06:05:04,737 - INFO - 請求 URL: https://www.techpowerup.com/review/sapphire-radeon-rx-9070-xt-nitro/4.html
2025-03-23 06:05:05,485 - INFO - 等待 4.22 秒...
2025-03-23 06:05:09,735 - INFO - 請求 URL: https://www.techpowerup.com/review/sapphire-radeon-rx-9070-xt-nitro/39.html
2025-03-23 06:05:10,465 - INFO - 等待 5.30 秒...
2025-03-23 06:05:15,802 - INFO - 請求 URL: https://www.techpowerup.com/review/sapphire-radeon-rx-9070-xt-nitro/40.html
2025-03-23 06:05:16,522 - INFO - 等待 4.99 秒...
2025-03-23 06:05:21,550 - INFO - 請求 URL: https://www.techpowerup.com/review/sapphire-radeon-rx-9070-xt-nitro/43.html
2025-03-23 06:05:22,358 - INFO - 等待 6.74 秒...
2025-03-23 06:05:29,181 - INFO - 請求 URL: https://www.techpowerup.com/review/xfx-radeon-rx-9070-xt-mercury-oc-magnetic-air/
2025-03-23 06:05:29,996 - INFO - 等待 6.04 秒...
2025-03-23 06:05:36,083 - INFO - 請求 URL: https://www.techpowerup.com/review/xfx-radeon-rx-9070-xt-mercury-oc-magnetic-air/4.html
2025-03-23 06:05:36,797 - INFO - 等待 3.40 秒...
2025-03-23 06:05:40,230 - INFO - 請求 URL: https://www.techpowerup.com/review/xfx-radeon-rx-9070-xt-mercury-oc-magnetic-air/39.html
2025-03-23 06:05:40,958 - INFO - 等待 3.98 秒...
2025-03-23 06:05:44,964 - INFO - 請求 URL: https://www.techpowerup.com/review/xfx-radeon-rx-9070-xt-mercury-oc-magnetic-air/40.html
2025-03-23 06:05:45,683 - INFO - 等待 4.19 秒...
2025-03-23 06:05:49,899 - INFO - 請求 URL: https://www.techpowerup.com/review/xfx-radeon-rx-9070-xt-mercury-oc-magnetic-air/43.html
2025-03-23 06:05:50,618 - INFO - 等待 4.39 秒...
2025-03-23 06:05:57,097 - INFO - 請求 URL: https://www.techpowerup.com/gpu-specs/geforce-rtx-5090.c4216
2025-03-23 06:05:57,928 - INFO - 等待 6.72 秒...
2025-03-23 06:06:04,715 - INFO - 解析 GPU NVIDIA GeForce RTX 5090 完成，找到 0 條規格
2025-03-23 06:06:04,805 - INFO - 產品記錄創建成功: NVIDIA GeForce RTX 5090, ID: 2
2025-03-23 06:06:04,808 - INFO - 請求 URL: https://www.techpowerup.com/review/asus-geforce-rtx-5090-tuf/
2025-03-23 06:06:05,523 - INFO - 等待 3.36 秒...
2025-03-23 06:06:08,923 - INFO - 請求 URL: https://www.techpowerup.com/review/asus-geforce-rtx-5090-tuf/2.html
2025-03-23 06:06:09,620 - INFO - 等待 3.35 秒...
2025-03-23 06:06:13,003 - INFO - 請求 URL: https://www.techpowerup.com/review/asus-geforce-rtx-5090-tuf/37.html
2025-03-23 06:06:13,740 - INFO - 等待 3.77 秒...
2025-03-23 06:06:17,545 - INFO - 請求 URL: https://www.techpowerup.com/review/asus-geforce-rtx-5090-tuf/38.html
2025-03-23 06:06:18,330 - INFO - 等待 3.71 秒...
2025-03-23 06:06:22,071 - INFO - 請求 URL: https://www.techpowerup.com/review/asus-geforce-rtx-5090-tuf/41.html
2025-03-23 06:06:22,913 - INFO - 等待 6.25 秒...
2025-03-23 06:06:29,279 - INFO - 請求 URL: https://www.techpowerup.com/review/asus-geforce-rtx-5090-astral/
2025-03-23 06:06:30,072 - INFO - 等待 5.23 秒...
2025-03-23 06:06:35,339 - INFO - 請求 URL: https://www.techpowerup.com/review/asus-geforce-rtx-5090-astral/4.html
2025-03-23 06:06:36,060 - INFO - 等待 4.85 秒...
2025-03-23 06:06:40,951 - INFO - 請求 URL: https://www.techpowerup.com/review/asus-geforce-rtx-5090-astral/39.html
2025-03-23 06:06:41,664 - INFO - 等待 5.43 秒...
2025-03-23 06:06:47,132 - INFO - 請求 URL: https://www.techpowerup.com/review/asus-geforce-rtx-5090-astral/40.html
2025-03-23 06:06:48,035 - INFO - 等待 5.11 秒...
2025-03-23 06:06:53,232 - INFO - 請求 URL: https://www.techpowerup.com/review/asus-geforce-rtx-5090-astral/43.html
2025-03-23 06:06:53,977 - INFO - 等待 5.15 秒...
2025-03-23 06:06:59,279 - INFO - 請求 URL: https://www.techpowerup.com/review/msi-geforce-rtx-5090-suprim-liquid/
2025-03-23 06:07:00,083 - INFO - 等待 5.01 秒...
2025-03-23 06:07:05,168 - INFO - 請求 URL: https://www.techpowerup.com/review/msi-geforce-rtx-5090-suprim-liquid/4.html
2025-03-23 06:07:06,063 - INFO - 等待 4.06 秒...
2025-03-23 06:07:10,196 - INFO - 請求 URL: https://www.techpowerup.com/review/msi-geforce-rtx-5090-suprim-liquid/39.html
2025-03-23 06:07:10,892 - INFO - 等待 6.44 秒...
2025-03-23 06:07:17,391 - INFO - 請求 URL: https://www.techpowerup.com/review/msi-geforce-rtx-5090-suprim-liquid/40.html
2025-03-23 06:07:18,111 - INFO - 等待 5.35 秒...
2025-03-23 06:07:23,508 - INFO - 請求 URL: https://www.techpowerup.com/review/msi-geforce-rtx-5090-suprim-liquid/43.html
2025-03-23 06:07:24,251 - INFO - 等待 5.11 秒...
2025-03-23 06:07:29,508 - INFO - 請求 URL: https://www.techpowerup.com/review/msi-geforce-rtx-5090-suprim/
2025-03-23 06:07:30,296 - INFO - 等待 3.41 秒...
2025-03-23 06:07:33,747 - INFO - 請求 URL: https://www.techpowerup.com/review/msi-geforce-rtx-5090-suprim/4.html
2025-03-23 06:07:34,498 - INFO - 等待 4.70 秒...
2025-03-23 06:07:39,263 - INFO - 請求 URL: https://www.techpowerup.com/review/msi-geforce-rtx-5090-suprim/39.html
2025-03-23 06:07:40,010 - INFO - 等待 3.21 秒...
2025-03-23 06:07:43,279 - INFO - 請求 URL: https://www.techpowerup.com/review/msi-geforce-rtx-5090-suprim/40.html
2025-03-23 06:07:44,009 - INFO - 等待 3.10 秒...
2025-03-23 06:07:47,167 - INFO - 請求 URL: https://www.techpowerup.com/review/msi-geforce-rtx-5090-suprim/43.html
2025-03-23 06:07:47,915 - INFO - 等待 3.33 秒...
2025-03-23 06:07:51,487 - INFO - 請求 URL: https://www.techpowerup.com/review/nvidia-geforce-rtx-5090-founders-edition/
2025-03-23 06:07:52,328 - INFO - 等待 4.90 秒...
2025-03-23 06:07:57,300 - INFO - 請求 URL: https://www.techpowerup.com/review/nvidia-geforce-rtx-5090-founders-edition/41.html
2025-03-23 06:07:58,039 - INFO - 等待 3.26 秒...
2025-03-23 06:08:01,365 - INFO - 請求 URL: https://www.techpowerup.com/review/nvidia-geforce-rtx-5090-founders-edition/42.html
2025-03-23 06:08:02,075 - INFO - 等待 5.51 秒...
2025-03-23 06:08:07,648 - INFO - 請求 URL: https://www.techpowerup.com/review/nvidia-geforce-rtx-5090-founders-edition/45.html
2025-03-23 06:08:08,343 - INFO - 等待 4.24 秒...
2025-03-23 06:08:12,709 - INFO - 請求 URL: https://www.techpowerup.com/review/palit-geforce-rtx-5090-gamerock/
2025-03-23 06:08:13,477 - INFO - 等待 3.50 秒...
2025-03-23 06:08:17,054 - INFO - 請求 URL: https://www.techpowerup.com/review/palit-geforce-rtx-5090-gamerock/4.html
2025-03-23 06:08:17,795 - INFO - 等待 6.59 秒...
2025-03-23 06:08:24,461 - INFO - 請求 URL: https://www.techpowerup.com/review/palit-geforce-rtx-5090-gamerock/39.html
2025-03-23 06:08:25,477 - INFO - 等待 5.45 秒...
2025-03-23 06:08:30,972 - INFO - 請求 URL: https://www.techpowerup.com/review/palit-geforce-rtx-5090-gamerock/40.html
2025-03-23 06:08:31,680 - INFO - 等待 6.70 秒...
2025-03-23 06:08:38,410 - INFO - 請求 URL: https://www.techpowerup.com/review/palit-geforce-rtx-5090-gamerock/43.html
2025-03-23 06:08:39,128 - INFO - 等待 3.22 秒...
2025-03-23 06:08:43,858 - INFO - 請求 URL: https://www.techpowerup.com/gpu-specs/geforce-rtx-5070-ti.c4243
2025-03-23 06:08:44,766 - INFO - 等待 5.78 秒...
2025-03-23 06:08:50,653 - INFO - 解析 GPU NVIDIA GeForce RTX 5070 Ti 完成，找到 0 條規格
2025-03-23 06:08:50,748 - INFO - 產品記錄創建成功: NVIDIA GeForce RTX 5070 Ti, ID: 3
2025-03-23 06:08:50,751 - INFO - 請求 URL: https://www.techpowerup.com/review/asus-geforce-rtx-5070-ti-tuf-oc/
2025-03-23 06:08:51,473 - INFO - 等待 5.10 秒...
2025-03-23 06:08:56,599 - INFO - 請求 URL: https://www.techpowerup.com/review/asus-geforce-rtx-5070-ti-tuf-oc/4.html
2025-03-23 06:08:57,296 - INFO - 等待 5.72 秒...
2025-03-23 06:09:03,052 - INFO - 請求 URL: https://www.techpowerup.com/review/asus-geforce-rtx-5070-ti-tuf-oc/40.html
2025-03-23 06:09:03,795 - INFO - 等待 5.78 秒...
2025-03-23 06:09:09,621 - INFO - 請求 URL: https://www.techpowerup.com/review/asus-geforce-rtx-5070-ti-tuf-oc/41.html
2025-03-23 06:09:10,353 - INFO - 等待 4.74 秒...
2025-03-23 06:09:15,112 - INFO - 請求 URL: https://www.techpowerup.com/review/asus-geforce-rtx-5070-ti-tuf-oc/44.html
2025-03-23 06:09:15,832 - INFO - 等待 5.70 秒...
2025-03-23 06:09:21,687 - INFO - 請求 URL: https://www.techpowerup.com/review/galax-geforce-rtx-5070-ti-1-click-oc-white/
2025-03-23 06:09:22,507 - INFO - 等待 4.81 秒...
2025-03-23 06:09:27,351 - INFO - 請求 URL: https://www.techpowerup.com/review/galax-geforce-rtx-5070-ti-1-click-oc-white/4.html
2025-03-23 06:09:28,184 - INFO - 等待 5.57 秒...
2025-03-23 06:09:33,817 - INFO - 請求 URL: https://www.techpowerup.com/review/galax-geforce-rtx-5070-ti-1-click-oc-white/40.html
2025-03-23 06:09:34,557 - INFO - 等待 6.43 秒...
2025-03-23 06:09:41,022 - INFO - 請求 URL: https://www.techpowerup.com/review/galax-geforce-rtx-5070-ti-1-click-oc-white/41.html
2025-03-23 06:09:41,739 - INFO - 等待 6.24 秒...
2025-03-23 06:09:48,011 - INFO - 請求 URL: https://www.techpowerup.com/review/galax-geforce-rtx-5070-ti-1-click-oc-white/44.html
2025-03-23 06:09:48,713 - INFO - 等待 5.62 秒...
2025-03-23 06:09:54,429 - INFO - 請求 URL: https://www.techpowerup.com/review/msi-geforce-rtx-5070-ti-gaming-trio-oc/
2025-03-23 06:09:55,215 - INFO - 等待 5.63 秒...
2025-03-23 06:10:00,877 - INFO - 請求 URL: https://www.techpowerup.com/review/msi-geforce-rtx-5070-ti-gaming-trio-oc/4.html
2025-03-23 06:10:01,602 - INFO - 等待 3.55 秒...
2025-03-23 06:10:05,190 - INFO - 請求 URL: https://www.techpowerup.com/review/msi-geforce-rtx-5070-ti-gaming-trio-oc/40.html
2025-03-23 06:10:05,937 - INFO - 等待 4.95 秒...
2025-03-23 06:10:10,923 - INFO - 請求 URL: https://www.techpowerup.com/review/msi-geforce-rtx-5070-ti-gaming-trio-oc/41.html
2025-03-23 06:10:11,639 - INFO - 等待 4.81 秒...
2025-03-23 06:10:16,497 - INFO - 請求 URL: https://www.techpowerup.com/review/msi-geforce-rtx-5070-ti-gaming-trio-oc/44.html
2025-03-23 06:10:17,192 - INFO - 等待 4.34 秒...
2025-03-23 06:10:21,677 - INFO - 請求 URL: https://www.techpowerup.com/review/msi-geforce-rtx-5070-ti-vanguard-soc/
2025-03-23 06:10:22,410 - INFO - 等待 6.21 秒...
2025-03-23 06:10:28,652 - INFO - 請求 URL: https://www.techpowerup.com/review/msi-geforce-rtx-5070-ti-vanguard-soc/4.html
2025-03-23 06:10:29,490 - INFO - 等待 5.07 秒...
2025-03-23 06:10:34,599 - INFO - 請求 URL: https://www.techpowerup.com/review/msi-geforce-rtx-5070-ti-vanguard-soc/40.html
2025-03-23 06:10:35,323 - INFO - 等待 6.16 秒...
2025-03-23 06:10:41,521 - INFO - 請求 URL: https://www.techpowerup.com/review/msi-geforce-rtx-5070-ti-vanguard-soc/41.html
2025-03-23 06:10:42,223 - INFO - 等待 3.12 秒...
2025-03-23 06:10:45,382 - INFO - 請求 URL: https://www.techpowerup.com/review/msi-geforce-rtx-5070-ti-vanguard-soc/44.html
2025-03-23 06:10:46,107 - INFO - 等待 4.61 秒...
2025-03-23 06:10:50,851 - INFO - 請求 URL: https://www.techpowerup.com/review/msi-geforce-rtx-5070-ti-ventus-3x/
2025-03-23 06:10:51,572 - INFO - 等待 5.76 秒...
2025-03-23 06:10:57,357 - INFO - 請求 URL: https://www.techpowerup.com/review/msi-geforce-rtx-5070-ti-ventus-3x/4.html
2025-03-23 06:10:58,069 - INFO - 等待 5.34 秒...
2025-03-23 06:11:03,438 - INFO - 請求 URL: https://www.techpowerup.com/review/msi-geforce-rtx-5070-ti-ventus-3x/40.html
2025-03-23 06:11:04,151 - INFO - 等待 5.89 秒...
2025-03-23 06:11:10,065 - INFO - 請求 URL: https://www.techpowerup.com/review/msi-geforce-rtx-5070-ti-ventus-3x/41.html
2025-03-23 06:11:10,781 - INFO - 等待 4.40 秒...
2025-03-23 06:11:15,216 - INFO - 請求 URL: https://www.techpowerup.com/review/msi-geforce-rtx-5070-ti-ventus-3x/44.html
2025-03-23 06:11:15,928 - INFO - 等待 6.30 秒...
2025-03-23 06:11:22,395 - INFO - 請求 URL: https://www.techpowerup.com/review/palit-geforce-rtx-5070-ti-gamerock-oc/
2025-03-23 06:11:23,121 - INFO - 等待 3.82 秒...
2025-03-23 06:11:26,979 - INFO - 請求 URL: https://www.techpowerup.com/review/palit-geforce-rtx-5070-ti-gamerock-oc/4.html
2025-03-23 06:11:27,688 - INFO - 等待 4.54 秒...
2025-03-23 06:11:32,275 - INFO - 請求 URL: https://www.techpowerup.com/review/palit-geforce-rtx-5070-ti-gamerock-oc/40.html
2025-03-23 06:11:33,138 - INFO - 等待 3.80 秒...
2025-03-23 06:11:36,973 - INFO - 請求 URL: https://www.techpowerup.com/review/palit-geforce-rtx-5070-ti-gamerock-oc/41.html
2025-03-23 06:11:37,697 - INFO - 等待 5.58 秒...
2025-03-23 06:11:43,307 - INFO - 請求 URL: https://www.techpowerup.com/review/palit-geforce-rtx-5070-ti-gamerock-oc/44.html
2025-03-23 06:11:44,004 - INFO - 等待 6.30 秒...
2025-03-23 06:11:52,702 - INFO - 請求 URL: https://www.techpowerup.com/gpu-specs/geforce-rtx-5070.c4218
2025-03-23 06:11:53,633 - INFO - 等待 5.75 秒...
2025-03-23 06:11:59,494 - INFO - 解析 GPU NVIDIA GeForce RTX 5070 完成，找到 0 條規格
2025-03-23 06:11:59,615 - INFO - 產品記錄創建成功: NVIDIA GeForce RTX 5070, ID: 4
2025-03-23 06:11:59,618 - INFO - 請求 URL: https://www.techpowerup.com/review/asus-geforce-rtx-5070-tuf-oc/
2025-03-23 06:12:00,324 - INFO - 等待 5.71 秒...
2025-03-23 06:12:06,075 - INFO - 請求 URL: https://www.techpowerup.com/review/asus-geforce-rtx-5070-tuf-oc/4.html
2025-03-23 06:12:06,778 - INFO - 等待 3.72 秒...
2025-03-23 06:12:10,572 - INFO - 請求 URL: https://www.techpowerup.com/review/asus-geforce-rtx-5070-tuf-oc/40.html
2025-03-23 06:12:11,325 - INFO - 等待 4.62 秒...
2025-03-23 06:12:16,021 - INFO - 請求 URL: https://www.techpowerup.com/review/asus-geforce-rtx-5070-tuf-oc/41.html
2025-03-23 06:12:16,733 - INFO - 等待 6.81 秒...
2025-03-23 06:12:23,612 - INFO - 請求 URL: https://www.techpowerup.com/review/asus-geforce-rtx-5070-tuf-oc/44.html
2025-03-23 06:12:24,345 - INFO - 等待 5.04 秒...
2025-03-23 06:12:29,551 - INFO - 請求 URL: https://www.techpowerup.com/review/msi-geforce-rtx-5070-gaming-trio-oc/
2025-03-23 06:12:30,330 - INFO - 等待 6.51 秒...
2025-03-23 06:12:36,888 - INFO - 請求 URL: https://www.techpowerup.com/review/msi-geforce-rtx-5070-gaming-trio-oc/4.html
2025-03-23 06:12:37,653 - INFO - 等待 5.23 秒...
2025-03-23 06:12:42,954 - INFO - 請求 URL: https://www.techpowerup.com/review/msi-geforce-rtx-5070-gaming-trio-oc/40.html
2025-03-23 06:12:43,668 - INFO - 等待 3.39 秒...
2025-03-23 06:12:47,133 - INFO - 請求 URL: https://www.techpowerup.com/review/msi-geforce-rtx-5070-gaming-trio-oc/41.html
2025-03-23 06:12:47,868 - INFO - 等待 6.42 秒...
2025-03-23 06:12:54,348 - INFO - 請求 URL: https://www.techpowerup.com/review/msi-geforce-rtx-5070-gaming-trio-oc/44.html
2025-03-23 06:12:55,068 - INFO - 等待 5.67 秒...
2025-03-23 06:13:00,871 - INFO - 請求 URL: https://www.techpowerup.com/review/nvidia-geforce-rtx-5070-founders-edition/
2025-03-23 06:13:01,624 - INFO - 等待 5.66 秒...
2025-03-23 06:13:07,354 - INFO - 請求 URL: https://www.techpowerup.com/review/nvidia-geforce-rtx-5070-founders-edition/41.html
2025-03-23 06:13:08,081 - INFO - 等待 6.44 秒...
2025-03-23 06:13:14,592 - INFO - 請求 URL: https://www.techpowerup.com/review/nvidia-geforce-rtx-5070-founders-edition/42.html
2025-03-23 06:13:15,304 - INFO - 等待 5.40 秒...
2025-03-23 06:13:20,802 - INFO - 請求 URL: https://www.techpowerup.com/review/nvidia-geforce-rtx-5070-founders-edition/45.html
2025-03-23 06:13:21,543 - INFO - 等待 6.33 秒...
2025-03-23 06:13:29,462 - INFO - 請求 URL: https://www.techpowerup.com/gpu-specs/geforce-rtx-5080.c4217
2025-03-23 06:13:30,389 - INFO - 等待 6.01 秒...
2025-03-23 06:13:36,699 - INFO - 解析 GPU NVIDIA GeForce RTX 5080 完成，找到 0 條規格
2025-03-23 06:13:36,986 - INFO - 產品記錄創建成功: NVIDIA GeForce RTX 5080, ID: 5
2025-03-23 06:13:36,996 - INFO - 請求 URL: https://www.techpowerup.com/review/asus-geforce-rtx-5080-astral-oc/
2025-03-23 06:13:37,878 - INFO - 等待 6.99 秒...
2025-03-23 06:13:44,938 - INFO - 請求 URL: https://www.techpowerup.com/review/asus-geforce-rtx-5080-astral-oc/4.html
2025-03-23 06:13:45,649 - INFO - 等待 5.56 秒...
2025-03-23 06:13:51,266 - INFO - 請求 URL: https://www.techpowerup.com/review/asus-geforce-rtx-5080-astral-oc/39.html
2025-03-23 06:13:51,997 - INFO - 等待 5.36 秒...
2025-03-23 06:13:57,410 - INFO - 請求 URL: https://www.techpowerup.com/review/asus-geforce-rtx-5080-astral-oc/40.html
2025-03-23 06:13:58,139 - INFO - 等待 3.07 秒...
2025-03-23 06:14:01,278 - INFO - 請求 URL: https://www.techpowerup.com/review/asus-geforce-rtx-5080-astral-oc/43.html
2025-03-23 06:14:01,981 - INFO - 等待 5.01 秒...
2025-03-23 06:14:07,131 - INFO - 請求 URL: https://www.techpowerup.com/review/colorful-geforce-rtx-5080-vulcan-oc/
2025-03-23 06:14:07,979 - INFO - 等待 4.21 秒...
2025-03-23 06:14:12,267 - INFO - 請求 URL: https://www.techpowerup.com/review/colorful-geforce-rtx-5080-vulcan-oc/4.html
2025-03-23 06:14:13,028 - INFO - 等待 3.19 秒...
2025-03-23 06:14:16,297 - INFO - 請求 URL: https://www.techpowerup.com/review/colorful-geforce-rtx-5080-vulcan-oc/39.html
2025-03-23 06:14:17,044 - INFO - 等待 4.64 秒...
2025-03-23 06:14:21,766 - INFO - 請求 URL: https://www.techpowerup.com/review/colorful-geforce-rtx-5080-vulcan-oc/40.html
2025-03-23 06:14:22,502 - INFO - 等待 3.99 秒...
2025-03-23 06:14:26,555 - INFO - 請求 URL: https://www.techpowerup.com/review/colorful-geforce-rtx-5080-vulcan-oc/43.html
2025-03-23 06:14:27,291 - INFO - 等待 4.40 秒...
2025-03-23 06:14:31,866 - INFO - 請求 URL: https://www.techpowerup.com/review/gainward-geforce-rtx-5080-phoenix-gs/
2025-03-23 06:14:32,627 - INFO - 等待 4.89 秒...
2025-03-23 06:14:37,591 - INFO - 請求 URL: https://www.techpowerup.com/review/gainward-geforce-rtx-5080-phoenix-gs/4.html
2025-03-23 06:14:38,364 - INFO - 等待 3.02 秒...
2025-03-23 06:14:41,451 - INFO - 請求 URL: https://www.techpowerup.com/review/gainward-geforce-rtx-5080-phoenix-gs/39.html
2025-03-23 06:14:42,206 - INFO - 等待 4.70 秒...
2025-03-23 06:14:46,983 - INFO - 請求 URL: https://www.techpowerup.com/review/gainward-geforce-rtx-5080-phoenix-gs/40.html
2025-03-23 06:14:47,894 - INFO - 等待 4.69 秒...
2025-03-23 06:14:52,634 - INFO - 請求 URL: https://www.techpowerup.com/review/gainward-geforce-rtx-5080-phoenix-gs/43.html
2025-03-23 06:14:53,357 - INFO - 等待 4.85 秒...
2025-03-23 06:14:58,398 - INFO - 請求 URL: https://www.techpowerup.com/review/galax-geforce-rtx-5080-1-click-oc/
2025-03-23 06:14:59,169 - INFO - 等待 6.68 秒...
2025-03-23 06:15:05,934 - INFO - 請求 URL: https://www.techpowerup.com/review/galax-geforce-rtx-5080-1-click-oc/4.html
2025-03-23 06:15:06,637 - INFO - 等待 6.54 秒...
2025-03-23 06:15:13,258 - INFO - 請求 URL: https://www.techpowerup.com/review/galax-geforce-rtx-5080-1-click-oc/39.html
2025-03-23 06:15:13,976 - INFO - 等待 3.49 秒...
2025-03-23 06:15:17,539 - INFO - 請求 URL: https://www.techpowerup.com/review/galax-geforce-rtx-5080-1-click-oc/40.html
2025-03-23 06:15:18,274 - INFO - 等待 6.88 秒...
2025-03-23 06:15:25,217 - INFO - 請求 URL: https://www.techpowerup.com/review/galax-geforce-rtx-5080-1-click-oc/43.html
2025-03-23 06:15:25,934 - INFO - 等待 3.98 秒...
2025-03-23 06:15:30,014 - INFO - 請求 URL: https://www.techpowerup.com/review/gigabyte-geforce-rtx-5080-gaming-oc/
2025-03-23 06:15:30,757 - INFO - 等待 4.97 秒...
2025-03-23 06:15:35,815 - INFO - 請求 URL: https://www.techpowerup.com/review/gigabyte-geforce-rtx-5080-gaming-oc/4.html
2025-03-23 06:15:36,550 - INFO - 等待 5.01 秒...
2025-03-23 06:15:41,634 - INFO - 請求 URL: https://www.techpowerup.com/review/gigabyte-geforce-rtx-5080-gaming-oc/39.html
2025-03-23 06:15:42,468 - INFO - 等待 4.40 秒...
2025-03-23 06:15:46,947 - INFO - 請求 URL: https://www.techpowerup.com/review/gigabyte-geforce-rtx-5080-gaming-oc/40.html
2025-03-23 06:15:47,662 - INFO - 等待 3.05 秒...
2025-03-23 06:15:50,760 - INFO - 請求 URL: https://www.techpowerup.com/review/gigabyte-geforce-rtx-5080-gaming-oc/43.html
2025-03-23 06:15:51,479 - INFO - 等待 6.87 秒...
2025-03-23 06:15:58,499 - INFO - 請求 URL: https://www.techpowerup.com/review/msi-geforce-rtx-5080-suprim-soc/
2025-03-23 06:15:59,291 - INFO - 等待 6.84 秒...
2025-03-23 06:16:06,199 - INFO - 請求 URL: https://www.techpowerup.com/review/msi-geforce-rtx-5080-suprim-soc/4.html
2025-03-23 06:16:06,946 - INFO - 等待 6.10 秒...
2025-03-23 06:16:13,107 - INFO - 請求 URL: https://www.techpowerup.com/review/msi-geforce-rtx-5080-suprim-soc/39.html
2025-03-23 06:16:13,820 - INFO - 等待 5.74 秒...
2025-03-23 06:16:19,632 - INFO - 請求 URL: https://www.techpowerup.com/review/msi-geforce-rtx-5080-suprim-soc/40.html
2025-03-23 06:16:20,370 - INFO - 等待 5.50 秒...
2025-03-23 06:16:25,912 - INFO - 請求 URL: https://www.techpowerup.com/review/msi-geforce-rtx-5080-suprim-soc/43.html
2025-03-23 06:16:26,634 - INFO - 等待 5.21 秒...
2025-03-23 06:16:32,001 - INFO - 請求 URL: https://www.techpowerup.com/review/msi-geforce-rtx-5080-vanguard-soc/
2025-03-23 06:16:32,786 - INFO - 等待 6.00 秒...
2025-03-23 06:16:38,872 - INFO - 請求 URL: https://www.techpowerup.com/review/msi-geforce-rtx-5080-vanguard-soc/4.html
2025-03-23 06:16:39,595 - INFO - 等待 3.32 秒...
2025-03-23 06:16:42,981 - INFO - 請求 URL: https://www.techpowerup.com/review/msi-geforce-rtx-5080-vanguard-soc/39.html
2025-03-23 06:16:43,766 - INFO - 等待 4.35 秒...
2025-03-23 06:16:48,194 - INFO - 請求 URL: https://www.techpowerup.com/review/msi-geforce-rtx-5080-vanguard-soc/40.html
2025-03-23 06:16:48,917 - INFO - 等待 6.89 秒...
2025-03-23 06:16:55,877 - INFO - 請求 URL: https://www.techpowerup.com/review/msi-geforce-rtx-5080-vanguard-soc/43.html
2025-03-23 06:16:56,619 - INFO - 等待 5.78 秒...
2025-03-23 06:17:02,551 - INFO - 請求 URL: https://www.techpowerup.com/review/nvidia-geforce-rtx-5080-founders-edition/
2025-03-23 06:17:03,273 - INFO - 等待 6.12 秒...
2025-03-23 06:17:09,469 - INFO - 請求 URL: https://www.techpowerup.com/review/nvidia-geforce-rtx-5080-founders-edition/41.html
2025-03-23 06:17:10,182 - INFO - 等待 6.95 秒...
2025-03-23 06:17:17,235 - INFO - 請求 URL: https://www.techpowerup.com/review/nvidia-geforce-rtx-5080-founders-edition/42.html
2025-03-23 06:17:18,001 - INFO - 等待 5.71 秒...
2025-03-23 06:17:23,765 - INFO - 請求 URL: https://www.techpowerup.com/review/nvidia-geforce-rtx-5080-founders-edition/45.html
2025-03-23 06:17:24,750 - INFO - 等待 6.53 秒...
2025-03-23 06:17:31,403 - INFO - 請求 URL: https://www.techpowerup.com/review/palit-geforce-rtx-5080-gamerock-oc/
2025-03-23 06:17:32,136 - INFO - 等待 5.87 秒...
2025-03-23 06:17:38,085 - INFO - 請求 URL: https://www.techpowerup.com/review/palit-geforce-rtx-5080-gamerock-oc/4.html
2025-03-23 06:17:38,871 - INFO - 等待 6.91 秒...
2025-03-23 06:17:45,852 - INFO - 請求 URL: https://www.techpowerup.com/review/palit-geforce-rtx-5080-gamerock-oc/39.html
2025-03-23 06:17:46,737 - INFO - 等待 6.51 秒...
2025-03-23 06:17:53,329 - INFO - 請求 URL: https://www.techpowerup.com/review/palit-geforce-rtx-5080-gamerock-oc/40.html
2025-03-23 06:17:54,074 - INFO - 等待 3.64 秒...
2025-03-23 06:17:57,781 - INFO - 請求 URL: https://www.techpowerup.com/review/palit-geforce-rtx-5080-gamerock-oc/43.html
2025-03-23 06:17:58,512 - INFO - 等待 4.93 秒...
2025-03-23 06:18:03,608 - INFO - 請求 URL: https://www.techpowerup.com/review/zotac-geforce-rtx-5080-amp-extreme/
2025-03-23 06:18:04,367 - INFO - 等待 6.84 秒...
2025-03-23 06:18:11,292 - INFO - 請求 URL: https://www.techpowerup.com/review/zotac-geforce-rtx-5080-amp-extreme/4.html
2025-03-23 06:18:12,028 - INFO - 等待 3.66 秒...
2025-03-23 06:18:15,740 - INFO - 請求 URL: https://www.techpowerup.com/review/zotac-geforce-rtx-5080-amp-extreme/39.html
2025-03-23 06:18:16,462 - INFO - 等待 4.63 秒...
2025-03-23 06:18:21,157 - INFO - 請求 URL: https://www.techpowerup.com/review/zotac-geforce-rtx-5080-amp-extreme/40.html
2025-03-23 06:18:21,885 - INFO - 等待 5.10 秒...
2025-03-23 06:18:27,048 - INFO - 請求 URL: https://www.techpowerup.com/review/zotac-geforce-rtx-5080-amp-extreme/43.html
2025-03-23 06:18:27,809 - INFO - 等待 3.42 秒...
